2019/11/05 10:26:47 [Server] Starting 
2019/11/05 10:26:47 [Initial] Version: 490.1567042376, HttpServerPort: 2324, TcpServerPort: 2323, DeveloperTrace: Single, DebugMode: True, TracePrint: True, ClientTrace: False, EnableStackView: True, SessionTimeOut: 1800, NetworkTimeOut: 30, MirrorPatternMaxVerifyTimes: 3, FormStackMaxCount: 10, RelativeScreen: True, TextFontScaling: True, ResourceDenyLocation: , SysTrace: False
        BasePath: C:\Users\leo\Documents\GitHub\To_kankan_Some_Xinwen\To_Kankan_Some_Xinwen\To-Kankan-Some-Xinwen\bin\Debug\
        DefaultImagePath: C:\Users\leo\Documents\GitHub\To_kankan_Some_Xinwen\To_Kankan_Some_Xinwen\To-Kankan-Some-Xinwen\bin\Debug\Resources\Image
        DefaultAudioPath: C:\Users\leo\Documents\GitHub\To_kankan_Some_Xinwen\To_Kankan_Some_Xinwen\To-Kankan-Some-Xinwen\bin\Debug\Resources\Audio
        DefaultDocumentPath: C:\Users\leo\Documents\GitHub\To_kankan_Some_Xinwen\To_Kankan_Some_Xinwen\To-Kankan-Some-Xinwen\bin\Debug\Resources\Document
        DefaultUploadPath: C:\Users\leo\Documents\GitHub\To_kankan_Some_Xinwen\To_Kankan_Some_Xinwen\To-Kankan-Some-Xinwen\bin\Debug\Resources\Upload
        DefaultMediaPath: C:\Users\leo\Documents\GitHub\To_kankan_Some_Xinwen\To_Kankan_Some_Xinwen\To-Kankan-Some-Xinwen\bin\Debug\Resources\Media
        DefaultWebPath: C:\Users\leo\Documents\GitHub\To_kankan_Some_Xinwen\To_Kankan_Some_Xinwen\To-Kankan-Some-Xinwen\bin\Debug\Resources\Web
 
2019/11/05 10:26:47 [Server] Started 
2019/11/05 10:26:47 [AutoSet] Start 
2019/11/05 10:26:49 [Server] Stoping 
2019/11/05 10:26:49 [TcpAccept-EX] 无法访问已释放的对象。
对象名:“System.Net.Sockets.Socket”。 
2019/11/05 10:26:50 [Server] Stoped 
2019/11/05 10:26:50 [AutoSet] Stop 
2019/11/05 10:45:56 [Server] Starting 
2019/11/05 10:45:56 [Initial] Version: 490.1567042376, HttpServerPort: 2324, TcpServerPort: 2323, DeveloperTrace: Single, DebugMode: True, TracePrint: True, ClientTrace: False, EnableStackView: True, SessionTimeOut: 1800, NetworkTimeOut: 30, MirrorPatternMaxVerifyTimes: 3, FormStackMaxCount: 10, RelativeScreen: True, TextFontScaling: True, ResourceDenyLocation: , SysTrace: False
        BasePath: C:\Users\leo\Documents\GitHub\To_kankan_Some_Xinwen\To_Kankan_Some_Xinwen\To-Kankan-Some-Xinwen\bin\Debug\
        DefaultImagePath: C:\Users\leo\Documents\GitHub\To_kankan_Some_Xinwen\To_Kankan_Some_Xinwen\To-Kankan-Some-Xinwen\bin\Debug\Resources\Image
        DefaultAudioPath: C:\Users\leo\Documents\GitHub\To_kankan_Some_Xinwen\To_Kankan_Some_Xinwen\To-Kankan-Some-Xinwen\bin\Debug\Resources\Audio
        DefaultDocumentPath: C:\Users\leo\Documents\GitHub\To_kankan_Some_Xinwen\To_Kankan_Some_Xinwen\To-Kankan-Some-Xinwen\bin\Debug\Resources\Document
        DefaultUploadPath: C:\Users\leo\Documents\GitHub\To_kankan_Some_Xinwen\To_Kankan_Some_Xinwen\To-Kankan-Some-Xinwen\bin\Debug\Resources\Upload
        DefaultMediaPath: C:\Users\leo\Documents\GitHub\To_kankan_Some_Xinwen\To_Kankan_Some_Xinwen\To-Kankan-Some-Xinwen\bin\Debug\Resources\Media
        DefaultWebPath: C:\Users\leo\Documents\GitHub\To_kankan_Some_Xinwen\To_Kankan_Some_Xinwen\To-Kankan-Some-Xinwen\bin\Debug\Resources\Web
 
2019/11/05 10:45:56 [Server] Started 
2019/11/05 10:45:56 [AutoSet] Start 
2019/11/05 10:48:25 [TcpAccept] 10.135.7.110:62388 
2019/11/05 10:48:25 [77e332e508bf313eb3e0616c8777e9e6-10.135.7.110] {"deviceOS":"Android","deviceOSVersion":"10","deviceModel":"PCT-AL10","screenSize":{"width":1080,"height":2090},"density":3.0,"version":"4.9.0","coreVersion":"4.9.0","autoBuild":false,"isCompany":true,"extraInfo":{"package_name":"com.smobiler.app","display_name":"Smobiler","plugin_msg":null,"lowMemory":false,"languages":["zh-Hans-CN","en-CN"]}} 
