2019/10/22 20:41:32 [Server] Starting 
2019/10/22 20:41:32 [Initial] Version: 490.1567042376, HttpServerPort: 2324, TcpServerPort: 2323, DeveloperTrace: Single, DebugMode: True, TracePrint: True, ClientTrace: False, EnableStackView: True, SessionTimeOut: 1800, NetworkTimeOut: 30, MirrorPatternMaxVerifyTimes: 3, FormStackMaxCount: 10, RelativeScreen: True, TextFontScaling: True, ResourceDenyLocation: , SysTrace: False
        BasePath: C:\Users\leo\Documents\GitHub\To_kankan_Some_Xinwen\To_Kankan_Some_Xinwen\To-Kankan-Some-Xinwen\bin\Debug\
        DefaultImagePath: C:\Users\leo\Documents\GitHub\To_kankan_Some_Xinwen\To_Kankan_Some_Xinwen\To-Kankan-Some-Xinwen\bin\Debug\Resources\Image
        DefaultAudioPath: C:\Users\leo\Documents\GitHub\To_kankan_Some_Xinwen\To_Kankan_Some_Xinwen\To-Kankan-Some-Xinwen\bin\Debug\Resources\Audio
        DefaultDocumentPath: C:\Users\leo\Documents\GitHub\To_kankan_Some_Xinwen\To_Kankan_Some_Xinwen\To-Kankan-Some-Xinwen\bin\Debug\Resources\Document
        DefaultUploadPath: C:\Users\leo\Documents\GitHub\To_kankan_Some_Xinwen\To_Kankan_Some_Xinwen\To-Kankan-Some-Xinwen\bin\Debug\Resources\Upload
        DefaultMediaPath: C:\Users\leo\Documents\GitHub\To_kankan_Some_Xinwen\To_Kankan_Some_Xinwen\To-Kankan-Some-Xinwen\bin\Debug\Resources\Media
        DefaultWebPath: C:\Users\leo\Documents\GitHub\To_kankan_Some_Xinwen\To_Kankan_Some_Xinwen\To-Kankan-Some-Xinwen\bin\Debug\Resources\Web
 
2019/10/22 20:41:32 [Server] Started 
2019/10/22 20:41:32 [AutoSet] Start 
2019/10/22 20:42:07 [TcpAccept] 10.132.2.134:62317 
2019/10/22 20:42:08 [860198041914228-10.132.2.134] {"deviceOS":"Android","deviceOSVersion":"9","deviceModel":"PCT-AL10","screenSize":{"width":1080,"height":2090},"density":3.0,"version":"4.9.0","coreVersion":"4.9.0","autoBuild":false,"isCompany":true,"extraInfo":{"package_name":"com.smobiler.app","display_name":"Smobiler","plugin_msg":null,"lowMemory":false,"languages":["zh-Hans-CN","en-CN"]}} 
2019/10/22 20:42:28 [TcpAccept] 10.132.2.134:62347 
2019/10/22 20:45:25 [Server] Stoping 
2019/10/22 20:45:25 [TcpAccept-EX] 无法访问已释放的对象。
对象名:“System.Net.Sockets.Socket”。 
2019/10/22 20:45:25 [860198041914228] Stop-StopServer-True-- 
2019/10/22 20:45:26 [Server] Stoped 
2019/10/22 20:45:26 [AutoSet] Stop 
